Arguments: 
  /usr/local/bin/node /usr/local/bin/yarn install

PATH: 
  /usr/local/pgsql/bin:/usr/local/bin:/usr/bin:/bin:/usr/sbin:/sbin:/opt/X11/bin:/usr/local/sbin

Yarn version: 
  0.21.3

Node version: 
  10.16.0

Platform: 
  darwin x64

npm manifest: 
  {
    "name": "moovone",
    "version": "0.0.0",
    "scripts": {
      "ng": "ng",
      "start": "ng serve",
      "build": "ng build",
      "test": "ng test --code-coverage",
      "lint": "ng lint --format codeFrame",
      "lint:fix": "ng lint --format codeFrame --fix",
      "e2e": "ng e2e"
    },
    "husky": {
      "hooks": {
        "pre-commit": "ng lint"
      }
    },
    "private": true,
    "dependencies": {
      "@angular/animations": "~7.2.0",
      "@angular/cdk": "~7.2.1",
      "@angular/common": "~7.2.0",
      "@angular/compiler": "~7.2.0",
      "@angular/core": "~7.2.0",
      "@angular/forms": "~7.2.0",
      "@angular/material": "^7.2.1",
      "@angular/platform-browser": "~7.2.0",
      "@angular/platform-browser-dynamic": "~7.2.0",
      "@angular/router": "~7.2.0",
      "core-js": "^2.5.4",
      "rxjs": "~6.3.3",
      "tslib": "^1.9.0",
      "zone.js": "~0.8.26"
    },
    "devDependencies": {
      "@angular-devkit/build-angular": "~0.12.0",
      "@angular/cli": "~7.2.2",
      "@angular/compiler-cli": "~7.2.0",
      "@angular/language-service": "~7.2.0",
      "@types/jasmine": "~2.8.8",
      "@types/jasminewd2": "~2.0.3",
      "@types/node": "~8.9.4",
      "codelyzer": "~4.5.0",
      "husky": "^1.3.1",
      "jasmine-core": "~2.99.1",
      "jasmine-spec-reporter": "~4.2.1",
      "karma": "^4.1.0",
      "karma-chrome-launcher": "~2.2.0",
      "karma-coverage-istanbul-reporter": "~2.0.1",
      "karma-jasmine": "~1.1.2",
      "karma-jasmine-html-reporter": "^0.2.2",
      "protractor": "~5.4.0",
      "ts-node": "~7.0.0",
      "tslint": "~5.11.0",
      "typescript": "~3.2.2"
    }
  }

yarn manifest: 
  No manifest

Lockfile: 
  No lockfile

Trace: 
  Error: https://registry.yarnpkg.com/@angular/common/-/common-7.2.15.tgz: EACCES: permission denied, open '/Users/Pouky/Library/Caches/Yarn/npm-@angular/common-7.2.15-e6c2f6913cdc49f87adcaabc30604e721561374b/bundles/common-http-testing.umd.js.map'
